{"name": "相乘", "status": "failed", "statusDetails": {"message": "AssertionError: assert (1 * 1) == 3", "trace": "self = <test_case.test_func1.TestLogin object at 0x00000239490FBE80>, a = 3\n\n    @allure.title('相乘')\n    @pytest.mark.parametrize('a', [1, 2, 3])\n    def test_pare(self, a):\n        print('----test_pare----')\n>       assert 1 * 1 == a  # 断言\nE       assert (1 * 1) == 3\n\ntest_func1.py:26: AssertionError"}, "parameters": [{"name": "a", "value": "3"}], "start": 1611325858984, "stop": 1611325858984, "uuid": "bbae4ce8-6178-4f5c-87b7-477699492123", "historyId": "51791ac237cd7f77691838f6f33e253c", "testCaseId": "2a999addb8e1ee6be8ffc6526daab9e1", "fullName": "test_case.test_func1.TestLogin#test_pare", "labels": [{"name": "feature", "value": "登录功能"}, {"name": "parentSuite", "value": "test_case"}, {"name": "suite", "value": "test_func1"}, {"name": "subSuite", "value": "TestLogin"}, {"name": "host", "value": "steven"}, {"name": "thread", "value": "8912-MainThread"}, {"name": "framework", "value": "pytest"}, {"name": "language", "value": "cpython3"}, {"name": "package", "value": "test_case.test_func1"}]}